<?xml version="1.0" encoding="UTF-8"?>
<!-- Generated by org.testng.reporters.JUnitReportReporter -->
<testsuite hostname="C4T-LDN-09" name="automationFramework.Exercise6" tests="5" failures="0" timestamp="5 Jul 2016 10:14:34 GMT" time="12.652" errors="0">
  <testcase name="verifyHomepage" time="0.022" classname="automationFramework.Exercise6"/>
  <testcase name="insertLocation" time="0.444" classname="automationFramework.Exercise6"/>
  <testcase name="verifyPricepage" time="5.046" classname="automationFramework.Exercise6"/>
  <testcase name="selectSubmit" time="6.756" classname="automationFramework.Exercise6"/>
  <testcase name="insertDate" time="0.384" classname="automationFramework.Exercise6"/>
</testsuite> <!-- automationFramework.Exercise6 -->
