<?xml version="1.0" encoding="UTF-8"?>
<!-- Generated by org.testng.reporters.JUnitReportReporter -->
<testsuite hostname="C4T-LDN-09" name="automationFramework.Exercise7" tests="12" failures="0" timestamp="5 Jul 2016 10:43:44 GMT" time="51.024" errors="0">
  <testcase name="verifyPricepage" time="5.038" classname="automationFramework.Exercise7"/>
  <testcase name="selectSubmit" time="9.153" classname="automationFramework.Exercise7"/>
  <testcase name="insertLocation" time="0.430" classname="automationFramework.Exercise7"/>
  <testcase name="selectSubmit" time="10.303" classname="automationFramework.Exercise7"/>
  <testcase name="goHomepage" time="8.730" classname="automationFramework.Exercise7"/>
  <testcase name="insertDate" time="0.354" classname="automationFramework.Exercise7"/>
  <testcase name="verifyHomepage" time="0.032" classname="automationFramework.Exercise7"/>
  <testcase name="insertLocation" time="0.790" classname="automationFramework.Exercise7"/>
  <testcase name="verifyPricepage" time="5.064" classname="automationFramework.Exercise7"/>
  <testcase name="goHomepage" time="10.485" classname="automationFramework.Exercise7"/>
  <testcase name="insertDate" time="0.624" classname="automationFramework.Exercise7"/>
  <testcase name="verifyHomepage" time="0.021" classname="automationFramework.Exercise7"/>
</testsuite> <!-- automationFramework.Exercise7 -->
