<?xml version="1.0" encoding="UTF-8"?>
<!-- Generated by org.testng.reporters.JUnitReportReporter -->
<testsuite hostname="Ngous-Mac-mini.home" name="automationFramework.Exercise6" tests="5" failures="0" timestamp="4 Jul 2016 20:53:08 GMT" time="9.627" errors="0">
  <testcase name="insertDate" time="0.255" classname="automationFramework.Exercise6"/>
  <testcase name="verifyHomepage" time="0.022" classname="automationFramework.Exercise6"/>
  <testcase name="insertLocation" time="0.263" classname="automationFramework.Exercise6"/>
  <testcase name="selectSubmit" time="4.050" classname="automationFramework.Exercise6"/>
  <testcase name="verifyPricepage" time="5.037" classname="automationFramework.Exercise6"/>
</testsuite> <!-- automationFramework.Exercise6 -->
